app/build/intermediates/manifest_merge_blame_file/debug/manifest-merger-blame-debug-report.txt
1<?xml version="1.0" encoding="utf-8"?>
2<manifest xmlns:android="http://schemas.android.com/apk/res/android"
3    package="com.example.yoloscreen" >
4
5    <uses-sdk
6        android:minSdkVersion="24"
7        android:targetSdkVersion="34" />
8
9    <uses-permission android:name="android.permission.INTERNET" />
9-->src/main/AndroidManifest.xml:5:5-67
9-->src/main/AndroidManifest.xml:5:22-64
10    <uses-permission android:name="android.permission.SYSTEM_ALERT_WINDOW" />
10-->src/main/AndroidManifest.xml:6:5-78
10-->src/main/AndroidManifest.xml:6:22-75
11    <uses-permission android:name="android.permission.FOREGROUND_SERVICE" />
11-->src/main/AndroidManifest.xml:7:5-77
11-->src/main/AndroidManifest.xml:7:22-74
12
13    <application
13-->src/main/AndroidManifest.xml:9:5-22:19
14        android:allowBackup="true"
14-->src/main/AndroidManifest.xml:10:9-35
15        android:debuggable="true"
16        android:extractNativeLibs="false"
17        android:label="GameMonitor"
17-->src/main/AndroidManifest.xml:11:9-36
18        android:theme="@style/Theme.AppCompat.Light.NoActionBar" >
18-->src/main/AndroidManifest.xml:12:9-65
19        <activity
19-->src/main/AndroidManifest.xml:14:9-21:20
20            android:name="com.example.yoloscreen.MainActivity"
20-->src/main/AndroidManifest.xml:15:13-41
21            android:exported="true" >
21-->src/main/AndroidManifest.xml:16:13-36
22            <intent-filter>
22-->src/main/AndroidManifest.xml:17:13-20:29
23                <action android:name="android.intent.action.MAIN" />
23-->src/main/AndroidManifest.xml:18:17-69
23-->src/main/AndroidManifest.xml:18:25-66
24
25                <category android:name="android.category.LAUNCHER" />
25-->src/main/AndroidManifest.xml:19:17-70
25-->src/main/AndroidManifest.xml:19:27-67
26            </intent-filter>
27        </activity>
28    </application>
29
30</manifest>